<?xml version="1.0" encoding="UTF-8"?>
<testng-results ignored="0" total="1" passed="1" failed="0" skipped="0">
  <reporter-output>
  </reporter-output>
  <suite started-at="2022-09-19T18:28:49 IST" name="Default suite" finished-at="2022-09-19T18:28:56 IST" duration-ms="6220">
    <groups>
    </groups>
    <test started-at="2022-09-19T18:28:49 IST" name="Default test" finished-at="2022-09-19T18:28:56 IST" duration-ms="6220">
      <class name="test.newAssignment">
        <test-method is-config="true" signature="setUp()[pri:0, instance:test.newAssignment@792b749c]" started-at="2022-09-19T18:28:49 IST" name="setUp" finished-at="2022-09-19T18:28:52 IST" duration-ms="2143" status="PASS">
          <reporter-output>
          </reporter-output>
        </test-method> <!-- setUp -->
        <test-method signature="naviIndexWeeklyPrice()[pri:0, instance:test.newAssignment@792b749c]" started-at="2022-09-19T18:28:52 IST" name="naviIndexWeeklyPrice" finished-at="2022-09-19T18:28:56 IST" duration-ms="4041" status="PASS">
          <reporter-output>
          </reporter-output>
        </test-method> <!-- naviIndexWeeklyPrice -->
      </class> <!-- test.newAssignment -->
    </test> <!-- Default test -->
  </suite> <!-- Default suite -->
</testng-results>
