<?xml version="1.0" encoding="UTF-8"?>
<testng-results ignored="0" total="1" passed="1" failed="0" skipped="0">
  <reporter-output>
  </reporter-output>
  <suite started-at="2021-02-25T01:13:16 IST" name="Default suite" finished-at="2021-02-25T01:13:36 IST" duration-ms="19477">
    <groups>
    </groups>
    <test started-at="2021-02-25T01:13:16 IST" name="Default test" finished-at="2021-02-25T01:13:36 IST" duration-ms="19477">
      <class name="test.testValidateProductPrice">
        <test-method is-config="true" signature="setUp()[pri:0, instance:test.testValidateProductPrice@524d6d96]" started-at="2021-02-25T01:13:16 IST" name="setUp" finished-at="2021-02-25T01:13:19 IST" duration-ms="2605" status="PASS">
          <reporter-output>
          </reporter-output>
        </test-method> <!-- setUp -->
        <test-method signature="verifyCostPriceOfMobileOnTwoWebsitesTest()[pri:0, instance:test.testValidateProductPrice@524d6d96]" started-at="2021-02-25T01:13:19 IST" name="verifyCostPriceOfMobileOnTwoWebsitesTest" finished-at="2021-02-25T01:13:35 IST" duration-ms="16024" status="PASS">
          <reporter-output>
          </reporter-output>
        </test-method> <!-- verifyCostPriceOfMobileOnTwoWebsitesTest -->
        <test-method is-config="true" signature="tearDown()[pri:0, instance:test.testValidateProductPrice@524d6d96]" started-at="2021-02-25T01:13:35 IST" name="tearDown" finished-at="2021-02-25T01:13:36 IST" duration-ms="800" status="PASS">
          <reporter-output>
          </reporter-output>
        </test-method> <!-- tearDown -->
      </class> <!-- test.testValidateProductPrice -->
    </test> <!-- Default test -->
  </suite> <!-- Default suite -->
</testng-results>
